<?xml version="1.0" encoding="UTF-8"?>
<!-- Generated by org.testng.reporters.JUnitReportReporter -->
<testsuite skipped="0" hostname="Vishal-PC" name="FullSite.UsefulLinks" tests="7" failures="0" timestamp="2020-06-18T11:43:56 IST" time="208.347" errors="0">
  <testcase name="chkUsrLnkTbl" time="22.864" classname="FullSite.UsefulLinks"/>
  <system-out/>
  <testcase name="chkScheduleLnk" time="34.063" classname="FullSite.UsefulLinks"/>
  <system-out/>
  <testcase name="chkVideo" time="26.637" classname="FullSite.UsefulLinks"/>
  <system-out/>
  <testcase name="selInterQues" time="17.974" classname="FullSite.UsefulLinks"/>
  <system-out/>
  <testcase name="chkJavaIntQuesLink" time="23.573" classname="FullSite.UsefulLinks"/>
  <system-out/>
  <testcase name="chkCoursesLink" time="59.623" classname="FullSite.UsefulLinks"/>
  <system-out/>
  <testcase name="chkPlacementLink" time="23.613" classname="FullSite.UsefulLinks"/>
  <system-out/>
</testsuite> <!-- FullSite.UsefulLinks -->
