<?xml version="1.0" encoding="UTF-8"?>
<!-- Generated by org.testng.reporters.JUnitReportReporter -->
<testsuite skipped="0" hostname="Vishal-PC" name="FullSite.LoginPage" tests="2" failures="0" timestamp="2020-06-05T17:54:25 IST" time="12.739" errors="0">
  <testcase name="chkTitle" time="4.977" classname="FullSite.LoginPage"/>
  <system-out/>
  <testcase name="chkLoginBoxMsg" time="7.762" classname="FullSite.LoginPage"/>
  <system-out/>
</testsuite> <!-- FullSite.LoginPage -->
