<?xml version="1.0" encoding="UTF-8"?>
<!-- Generated by org.testng.reporters.JUnitReportReporter -->
<testsuite skipped="0" hostname="Vishal-PC" name="FullSite.Login_RegistrationPage" tests="11" failures="0" timestamp="2020-06-18T11:43:56 IST" time="86.476" errors="0">
  <testcase name="chkTitle" time="7.467" classname="FullSite.Login_RegistrationPage"/>
  <system-out/>
  <testcase name="chkWaterMarkLoginPage" time="6.622" classname="FullSite.Login_RegistrationPage"/>
  <system-out/>
  <testcase name="chkLoginBoxTxt" time="6.248" classname="FullSite.Login_RegistrationPage"/>
  <system-out/>
  <testcase name="chklinkRegister" time="8.954" classname="FullSite.Login_RegistrationPage"/>
  <system-out/>
  <testcase name="emptyUsrPass" time="10.856" classname="FullSite.Login_RegistrationPage"/>
  <system-out/>
  <testcase name="chkInVldUsr" time="5.432" classname="FullSite.Login_RegistrationPage"/>
  <system-out/>
  <testcase name="chkVldUsrPas" time="10.279" classname="FullSite.Login_RegistrationPage"/>
  <system-out/>
  <testcase name="chkRegistrPage" time="6.122" classname="FullSite.Login_RegistrationPage"/>
  <system-out/>
  <testcase name="chkRegistration" time="8.966" classname="FullSite.Login_RegistrationPage"/>
  <system-out/>
  <testcase name="RgstrPgeMsg" time="6.865" classname="FullSite.Login_RegistrationPage"/>
  <system-out/>
  <testcase name="chkLogOutMsg" time="8.665" classname="FullSite.Login_RegistrationPage"/>
  <system-out/>
</testsuite> <!-- FullSite.Login_RegistrationPage -->
